[2m2025-08-08T07:41:50.475074Z[0m [31mERROR[0m [2mglazewm[0m[2m:[0m Failed to execute 'zebar'.

Error: The operation was canceled by the user. (0x800704C7)
[2m2025-08-08T07:47:44.142347Z[0m [31mERROR[0m [2mglazewm[0m[2m:[0m Another instance of the application is already running.
[2m2025-08-08T08:01:00.795239Z[0m [31mERROR[0m [2mglazewm[0m[2m:[0m Another instance of the application is already running.
[2m2025-08-08T08:02:44.761963Z[0m [31mERROR[0m [2mglazewm[0m[2m:[0m Workspace with name 'Cheatsheet' doesn't exist or is already active.
[2m2025-08-08T08:02:48.248904Z[0m [31mERROR[0m [2mglazewm[0m[2m:[0m Workspace with name 'Cheatsheet' doesn't exist or is already active.
[2m2025-08-08T08:02:50.596861Z[0m [31mERROR[0m [2mglazewm[0m[2m:[0m Workspace with name 'Cheatsheet' doesn't exist or is already active.
[2m2025-08-08T08:03:38.246976Z[0m [31mERROR[0m [2mglazewm[0m[2m:[0m Workspace with name 'Cheatsheet' doesn't exist or is already active.
[2m2025-08-08T08:09:37.326045Z[0m [31mERROR[0m [2mglazewm[0m[2m:[0m Failed to execute '"chrome --new-window \"C:\\Users\\D2i - Desmond\\cheatsheet.html\""'.

Error: The operation was canceled by the user. (0x800704C7)
[2m2025-08-08T08:09:41.863189Z[0m [31mERROR[0m [2mglazewm[0m[2m:[0m Failed to execute '"chrome --new-window \"C:\\Users\\D2i - Desmond\\cheatsheet.html\""'.

Error: The operation was canceled by the user. (0x800704C7)
[2m2025-08-08T08:09:44.631178Z[0m [31mERROR[0m [2mglazewm[0m[2m:[0m Failed to execute '"chrome --new-window \"C:\\Users\\D2i - Desmond\\cheatsheet.html\""'.

Error: The operation was canceled by the user. (0x800704C7)
[2m2025-08-08T08:09:48.763532Z[0m [31mERROR[0m [2mglazewm[0m[2m:[0m Failed to execute '"chrome --new-window \"C:\\Users\\D2i - Desmond\\cheatsheet.html\""'.

Error: The operation was canceled by the user. (0x800704C7)
[2m2025-08-08T08:09:50.515450Z[0m [31mERROR[0m [2mglazewm[0m[2m:[0m Failed to execute '"chrome --new-window \"C:\\Users\\D2i - Desmond\\cheatsheet.html\""'.

Error: The operation was canceled by the user. (0x800704C7)
[2m2025-08-08T08:09:52.773974Z[0m [31mERROR[0m [2mglazewm[0m[2m:[0m Failed to execute '"chrome --new-window \"C:\\Users\\D2i - Desmond\\cheatsheet.html\""'.

Error: The operation was canceled by the user. (0x800704C7)
[2m2025-08-08T08:09:54.537173Z[0m [31mERROR[0m [2mglazewm[0m[2m:[0m Failed to execute '"chrome --new-window \"C:\\Users\\D2i - Desmond\\cheatsheet.html\""'.

Error: The operation was canceled by the user. (0x800704C7)
[2m2025-08-08T08:09:58.162115Z[0m [31mERROR[0m [2mglazewm[0m[2m:[0m Failed to execute '"chrome --new-window \"C:\\Users\\D2i - Desmond\\cheatsheet.html\""'.

Error: The operation was canceled by the user. (0x800704C7)
[2m2025-08-08T08:10:01.370894Z[0m [31mERROR[0m [2mglazewm[0m[2m:[0m Failed to execute '"chrome --new-window \"C:\\Users\\D2i - Desmond\\cheatsheet.html\""'.

Error: The operation was canceled by the user. (0x800704C7)
[2m2025-08-08T08:10:06.355862Z[0m [31mERROR[0m [2mglazewm[0m[2m:[0m Failed to execute '"chrome --new-window \"C:\\Users\\D2i - Desmond\\cheatsheet.html\""'.

Error: The operation was canceled by the user. (0x800704C7)
[2m2025-08-08T08:10:08.019954Z[0m [31mERROR[0m [2mglazewm[0m[2m:[0m Failed to execute '"chrome --new-window \"C:\\Users\\D2i - Desmond\\cheatsheet.html\""'.

Error: The operation was canceled by the user. (0x800704C7)
[2m2025-08-08T08:10:11.145825Z[0m [31mERROR[0m [2mglazewm[0m[2m:[0m Failed to execute '"chrome --new-window \"C:\\Users\\D2i - Desmond\\cheatsheet.html\""'.

Error: The operation was canceled by the user. (0x800704C7)
[2m2025-08-08T08:10:12.359850Z[0m [31mERROR[0m [2mglazewm[0m[2m:[0m Failed to execute '"chrome --new-window \"C:\\Users\\D2i - Desmond\\cheatsheet.html\""'.

Error: The operation was canceled by the user. (0x800704C7)
[2m2025-08-08T08:10:13.791762Z[0m [31mERROR[0m [2mglazewm[0m[2m:[0m Failed to execute '"chrome --new-window \"C:\\Users\\D2i - Desmond\\cheatsheet.html\""'.

Error: The operation was canceled by the user. (0x800704C7)
[2m2025-08-08T08:10:14.311990Z[0m [31mERROR[0m [2mglazewm[0m[2m:[0m Failed to execute '"chrome --new-window \"C:\\Users\\D2i - Desmond\\cheatsheet.html\""'.

Error: The operation was canceled by the user. (0x800704C7)
[2m2025-08-08T08:10:14.810905Z[0m [31mERROR[0m [2mglazewm[0m[2m:[0m Failed to execute '"chrome --new-window \"C:\\Users\\D2i - Desmond\\cheatsheet.html\""'.

Error: The operation was canceled by the user. (0x800704C7)
[2m2025-08-08T08:10:15.460291Z[0m [31mERROR[0m [2mglazewm[0m[2m:[0m Failed to execute '"chrome --new-window \"C:\\Users\\D2i - Desmond\\cheatsheet.html\""'.

Error: The operation was canceled by the user. (0x800704C7)
[2m2025-08-08T08:10:16.085770Z[0m [31mERROR[0m [2mglazewm[0m[2m:[0m Failed to execute '"chrome --new-window \"C:\\Users\\D2i - Desmond\\cheatsheet.html\""'.

Error: The operation was canceled by the user. (0x800704C7)
[2m2025-08-08T08:10:16.647728Z[0m [31mERROR[0m [2mglazewm[0m[2m:[0m Failed to execute '"chrome --new-window \"C:\\Users\\D2i - Desmond\\cheatsheet.html\""'.

Error: The operation was canceled by the user. (0x800704C7)
[2m2025-08-08T08:10:17.596741Z[0m [31mERROR[0m [2mglazewm[0m[2m:[0m Failed to execute '"chrome --new-window \"C:\\Users\\D2i - Desmond\\cheatsheet.html\""'.

Error: The operation was canceled by the user. (0x800704C7)
[2m2025-08-08T08:10:18.966251Z[0m [31mERROR[0m [2mglazewm[0m[2m:[0m Failed to execute '"chrome --new-window \"C:\\Users\\D2i - Desmond\\cheatsheet.html\""'.

Error: The operation was canceled by the user. (0x800704C7)
[2m2025-08-08T08:11:30.456131Z[0m [31mERROR[0m [2mglazewm[0m[2m:[0m Failed to execute '"\"C:\\Program Files\\Google\\Chrome\\Application\\chrome.exe\" --new-window \"C:\\glazewm\\cheatsheet.html\""'.

Error: The operation was canceled by the user. (0x800704C7)
[2m2025-08-08T08:12:46.080903Z[0m [31mERROR[0m [2mglazewm[0m[2m:[0m keybindings[50].commands: unrecognized subcommand
 at line 325 column 7
[2m2025-08-08T08:13:08.924518Z[0m [31mERROR[0m [2mglazewm[0m[2m:[0m keybindings[50].commands: unrecognized subcommand
 at line 324 column 7
[2m2025-08-08T08:13:38.593236Z[0m [31mERROR[0m [2mglazewm[0m[2m:[0m keybindings[50].commands: unrecognized subcommand
 at line 324 column 7
[2m2025-08-08T08:13:58.047927Z[0m [31mERROR[0m [2mglazewm[0m[2m:[0m keybindings[50].commands: unrecognized subcommand
 at line 324 column 7
[2m2025-08-08T08:14:01.242618Z[0m [31mERROR[0m [2mglazewm[0m[2m:[0m keybindings[50].commands: unrecognized subcommand
 at line 324 column 7
[2m2025-08-08T08:14:45.672633Z[0m [31mERROR[0m [2mglazewm[0m[2m:[0m keybindings[50].commands: unrecognized subcommand
 at line 324 column 7
[2m2025-08-08T08:22:01.785461Z[0m [31mERROR[0m [2mglazewm[0m[2m:[0m keybindings[50].commands: unrecognized subcommand
 at line 324 column 7
[2m2025-08-08T08:22:11.378413Z[0m [31mERROR[0m [2mglazewm[0m[2m:[0m keybindings[50].commands: unrecognized subcommand
 at line 324 column 7
[2m2025-08-08T08:22:19.064356Z[0m [31mERROR[0m [2mglazewm[0m[2m:[0m keybindings[50].commands: unrecognized subcommand
 at line 324 column 7
[2m2025-08-08T08:22:45.973654Z[0m [31mERROR[0m [2mglazewm[0m[2m:[0m keybindings[50].commands: unrecognized subcommand
 at line 324 column 7
[2m2025-08-08T08:22:56.879744Z[0m [31mERROR[0m [2mglazewm[0m[2m:[0m keybindings[50].commands: unrecognized subcommand
 at line 324 column 5
[2m2025-08-08T08:23:38.020486Z[0m [31mERROR[0m [2mglazewm[0m[2m:[0m keybindings[50].commands: unrecognized subcommand
 at line 323 column 15
[2m2025-08-08T08:23:49.510647Z[0m [31mERROR[0m [2mglazewm[0m[2m:[0m keybindings[50].commands: unrecognized subcommand
 at line 323 column 15
[2m2025-08-08T08:23:58.017509Z[0m [31mERROR[0m [2mglazewm[0m[2m:[0m keybindings[50].commands: unrecognized subcommand
 at line 323 column 15
[2m2025-08-08T08:24:26.859995Z[0m [31mERROR[0m [2mglazewm[0m[2m:[0m keybindings[50].commands: unrecognized subcommand
 at line 323 column 15
[2m2025-08-08T08:26:14.352017Z[0m [31mERROR[0m [2mglazewm[0m[2m:[0m keybindings[50].commands: unrecognized subcommand
 at line 323 column 15
[2m2025-08-08T08:39:23.827407Z[0m [31mERROR[0m [2mglazewm[0m[2m:[0m Workspace with name '1' doesn't exist or is already active.
[2m2025-08-08T08:39:28.161805Z[0m [31mERROR[0m [2mglazewm[0m[2m:[0m Workspace with name '1' doesn't exist or is already active.
[2m2025-08-08T08:39:38.414339Z[0m [31mERROR[0m [2mglazewm[0m[2m:[0m Workspace with name '1' doesn't exist or is already active.
[2m2025-08-08T13:56:09.310457Z[0m [31mERROR[0m [2mglazewm[0m[2m:[0m general.shutdown_commands: unrecognized subcommand
 at line 9 column 22
[2m2025-08-09T16:41:53.068537Z[0m [31mERROR[0m [2mglazewm[0m[2m:[0m Command doesn't have an ending `"`: '"c:\Program Files\WindowsApps\CanonicalGroupLimited.Ubuntu_2404.1.68.0_x64__79rhkp1fndgsc\ubuntu.exe"'.
[2m2025-08-09T17:42:46.498312Z[0m [31mERROR[0m [2mglazewm[0m[2m:[0m Another instance of the application is already running.
[2m2025-08-09T18:49:18.788372Z[0m [31mERROR[0m [2mglazewm[0m[2m:[0m window_effects.focused_window.border: Color must start with a `#`. at line 62 column 7
